GreenPlayer/oPlayer/build/outputs/logs/manifest-merger-debug-report.txt
-- Merging decision tree log ---
manifest
ADDED from AndroidManifest.xml:2:1
	package
		ADDED from AndroidManifest.xml:3:5
		INJECTED from AndroidManifest.xml:0:0
		INJECTED from AndroidManifest.xml:0:0
	android:versionName
		ADDED from AndroidManifest.xml:5:5
	android:versionCode
		ADDED from AndroidManifest.xml:4:5
		INJECTED from AndroidManifest.xml:0:0
		INJECTED from AndroidManifest.xml:0:0
	xmlns:android
		ADDED from AndroidManifest.xml:2:11
uses-sdk
ADDED from AndroidManifest.xml:7:5
	android:targetSdkVersion
		ADDED from AndroidManifest.xml:9:9
		INJECTED from AndroidManifest.xml:0:0
		INJECTED from AndroidManifest.xml:0:0
	android:minSdkVersion
		ADDED from AndroidManifest.xml:8:9
		INJECTED from AndroidManifest.xml:0:0
		INJECTED from AndroidManifest.xml:0:0
uses-permission#android.permission.WRITE_SETTINGS
ADDED from AndroidManifest.xml:11:5
	android:name
		ADDED from AndroidManifest.xml:11:22
uses-permission#android.permission.WAKE_LOCK
ADDED from AndroidManifest.xml:12:5
	android:name
		ADDED from AndroidManifest.xml:12:22
uses-permission#android.permission.WRITE_EXTERNAL_STORAGE
ADDED from AndroidManifest.xml:13:5
	android:name
		ADDED from AndroidManifest.xml:13:22
uses-permission#android.permission.READ_PHONE_STATE
ADDED from AndroidManifest.xml:14:5
	android:name
		ADDED from AndroidManifest.xml:14:22
uses-permission#android.permission.MODIFY_AUDIO_SETTINGS
ADDED from AndroidManifest.xml:15:5
	android:name
		ADDED from AndroidManifest.xml:15:22
uses-permission#android.permission.INTERNET
ADDED from AndroidManifest.xml:16:5
	android:name
		ADDED from AndroidManifest.xml:16:22
uses-permission#android.permission.BROADCAST_STICKY
ADDED from AndroidManifest.xml:17:5
	android:name
		ADDED from AndroidManifest.xml:17:22
uses-permission#android.permission.ACCESS_WIFI_STATE
ADDED from AndroidManifest.xml:18:5
	android:name
		ADDED from AndroidManifest.xml:18:22
uses-permission#android.permission.CHANGE_WIFI_MULTICAST_STATE
ADDED from AndroidManifest.xml:19:5
	android:name
		ADDED from AndroidManifest.xml:19:22
uses-permission#android.permission.ACCESS_NETWORK_STATE
ADDED from AndroidManifest.xml:20:5
	android:name
		ADDED from AndroidManifest.xml:20:22
uses-permission#android.permission.GET_TASKS
ADDED from AndroidManifest.xml:21:5
	android:name
		ADDED from AndroidManifest.xml:21:22
uses-permission#android.permission.READ_EXTERNAL_STORAGE
ADDED from AndroidManifest.xml:22:5
	android:name
		ADDED from AndroidManifest.xml:22:22
application
ADDED from AndroidManifest.xml:24:5
	android:label
		ADDED from AndroidManifest.xml:27:9
	android:icon
		ADDED from AndroidManifest.xml:26:9
	android:name
		ADDED from AndroidManifest.xml:25:9
activity#com.nmbb.oplayer.ui.MainActivity
ADDED from AndroidManifest.xml:28:9
	android:screenOrientation
		ADDED from AndroidManifest.xml:32:13
	android:label
		ADDED from AndroidManifest.xml:31:13
	android:configChanges
		ADDED from AndroidManifest.xml:30:13
	android:theme
		ADDED from AndroidManifest.xml:33:13
	android:name
		ADDED from AndroidManifest.xml:29:13
intent-filter#android.intent.action.MAIN+android.intent.category.LAUNCHER
ADDED from AndroidManifest.xml:34:13
action#android.intent.action.MAIN
ADDED from AndroidManifest.xml:35:17
	android:name
		ADDED from AndroidManifest.xml:35:25
category#android.intent.category.LAUNCHER
ADDED from AndroidManifest.xml:37:17
	android:name
		ADDED from AndroidManifest.xml:37:27
activity#com.nmbb.oplayer.ui.VideoPlayerActivity
ADDED from AndroidManifest.xml:40:9
	android:label
		ADDED from AndroidManifest.xml:43:13
	android:configChanges
		ADDED from AndroidManifest.xml:42:13
	android:theme
		ADDED from AndroidManifest.xml:44:13
	android:name
		ADDED from AndroidManifest.xml:41:13
intent-filter#android.intent.action.VIEW+android.intent.category.BROWSABLE+android.intent.category.DEFAULT+android.intent.category.LAUNCHER
ADDED from AndroidManifest.xml:45:13
action#android.intent.action.VIEW
ADDED from AndroidManifest.xml:46:17
	android:name
		ADDED from AndroidManifest.xml:46:25
category#android.intent.category.DEFAULT
ADDED from AndroidManifest.xml:49:17
	android:name
		ADDED from AndroidManifest.xml:49:27
category#android.intent.category.BROWSABLE
ADDED from AndroidManifest.xml:50:17
	android:name
		ADDED from AndroidManifest.xml:50:27
data
ADDED from AndroidManifest.xml:52:17
	android:scheme
		ADDED from AndroidManifest.xml:54:21
	android:mimeType
		ADDED from AndroidManifest.xml:53:21
intent-filter#android.intent.action.VIEW+android.intent.category.DEFAULT
ADDED from AndroidManifest.xml:104:13
intent-filter#android.intent.action.VIEW+android.intent.category.BROWSABLE+android.intent.category.DEFAULT
ADDED from AndroidManifest.xml:111:13
intent-filter#android.intent.action.SEND+android.intent.action.SENDTO+android.intent.action.VIEW+android.intent.category.DEFAULT
ADDED from AndroidManifest.xml:133:13
action#android.intent.action.SEND
ADDED from AndroidManifest.xml:135:17
	android:name
		ADDED from AndroidManifest.xml:135:25
action#android.intent.action.SENDTO
ADDED from AndroidManifest.xml:136:17
	android:name
		ADDED from AndroidManifest.xml:136:25
activity#com.nmbb.oplayer.ui.PlayerActivity
ADDED from AndroidManifest.xml:210:9
	android:label
		ADDED from AndroidManifest.xml:213:13
	android:configChanges
		ADDED from AndroidManifest.xml:212:13
	android:theme
		ADDED from AndroidManifest.xml:214:13
	android:name
		ADDED from AndroidManifest.xml:211:13
activity#com.nmbb.oplayer.ui.vitamio.InitActivity
ADDED from AndroidManifest.xml:216:9
	android:launchMode
		ADDED from AndroidManifest.xml:219:13
	android:windowSoftInputMode
		ADDED from AndroidManifest.xml:221:13
	android:configChanges
		ADDED from AndroidManifest.xml:218:13
	android:theme
		ADDED from AndroidManifest.xml:220:13
	android:name
		ADDED from AndroidManifest.xml:217:13
receiver#com.nmbb.oplayer.receiver.MediaScannerReceiver
ADDED from AndroidManifest.xml:223:9
	android:name
		ADDED from AndroidManifest.xml:223:19
intent-filter#android.intent.action.BOOT_COMPLETED
ADDED from AndroidManifest.xml:226:13
action#android.intent.action.BOOT_COMPLETED
ADDED from AndroidManifest.xml:227:17
	android:name
		ADDED from AndroidManifest.xml:227:25
intent-filter#android.intent.action.MEDIA_MOUNTED
ADDED from AndroidManifest.xml:229:13
action#android.intent.action.MEDIA_MOUNTED
ADDED from AndroidManifest.xml:230:17
	android:name
		ADDED from AndroidManifest.xml:230:25
intent-filter#com.nmbb.oplayer.action.MEDIA_SCANNER_SCAN_DIRECTORY+com.nmbb.oplayer.action.MEDIA_SCANNER_SCAN_FILE
ADDED from AndroidManifest.xml:235:13
action#com.nmbb.oplayer.action.MEDIA_SCANNER_SCAN_FILE
ADDED from AndroidManifest.xml:236:17
	android:name
		ADDED from AndroidManifest.xml:236:25
action#com.nmbb.oplayer.action.MEDIA_SCANNER_SCAN_DIRECTORY
ADDED from AndroidManifest.xml:237:17
	android:name
		ADDED from AndroidManifest.xml:237:25
service#com.nmbb.oplayer.service.MediaScannerService
ADDED from AndroidManifest.xml:243:9
	android:exported
		ADDED from AndroidManifest.xml:245:13
	android:name
		ADDED from AndroidManifest.xml:244:13
intent-filter#io.vov.vitamio.IMediaScannerService
ADDED from AndroidManifest.xml:246:13
action#io.vov.vitamio.IMediaScannerService
ADDED from AndroidManifest.xml:247:17
	android:name
		ADDED from AndroidManifest.xml:247:25
service#com.nmbb.oplayer.service.FileDownloadService
ADDED from AndroidManifest.xml:251:9
	android:exported
		ADDED from AndroidManifest.xml:253:13
	android:name
		ADDED from AndroidManifest.xml:252:13